<?xml version="1.0" encoding="UTF-8"?>
<!-- Generated by org.testng.reporters.JUnitReportReporter -->
<testsuite hostname="APL-PG02H75Z" failures="0" tests="3" name="test.day4" time="0.009" errors="0" timestamp="2025-01-02T14:56:26 IST" skipped="0">
  <testcase classname="test.day4" name="MobileLoginHomeLoan" time="0.003"/>
  <testcase classname="test.day4" name="LoginAPIHomeLoan" time="0.003"/>
  <testcase classname="test.day4" name="WebLoginHomeLoan" time="0.003"/>
</testsuite> <!-- test.day4 -->
