<?xml version="1.0" encoding="UTF-8"?>
<!-- Generated by org.testng.reporters.JUnitReportReporter -->
<testsuite hostname="APL-PG02H75Z" failures="0" tests="1" name="test.day2" time="0.014" errors="0" timestamp="2025-01-02T14:56:26 IST" skipped="0">
  <testcase classname="test.day2" name="ploan" time="0.014"/>
</testsuite> <!-- test.day2 -->
