<?xml version="1.0" encoding="UTF-8"?>
<!-- Generated by org.testng.reporters.JUnitReportReporter -->
<testsuite hostname="APL-PG02H75Z" failures="0" tests="7" name="test.day3" time="0.044" errors="0" timestamp="2025-01-02T14:56:26 IST" skipped="1">
  <testcase classname="test.day3" name="WebLoginCarLoan" time="0.012"/>
  <testcase classname="test.day3" name="MobileLoginCarLoan" time="0.007"/>
  <testcase classname="test.day3" name="WebLoginCarLoan" time="0.005"/>
  <testcase classname="test.day3" name="LoginSignOutCarLoan" time="0.013"/>
  <testcase classname="test.day3" name="WebLoginCarLoan" time="0.004"/>
  <testcase classname="test.day3" name="LoginAPICarLoan" time="0.003"/>
  <testcase classname="test.day3" name="LoginSigninCarLoan">
    <skipped/>
  </testcase> <!-- LoginSigninCarLoan -->
</testsuite> <!-- test.day3 -->
