<?xml version="1.0" encoding="UTF-8"?>
<!-- Generated by org.testng.reporters.JUnitReportReporter -->
<testsuite hostname="APL-PG02H75Z" failures="0" tests="1" name="inheritanceConcept.PS1" time="0.016" errors="0" timestamp="2025-01-02T20:04:49 IST" skipped="0">
  <testcase classname="inheritanceConcept.PS1" name="testRun" time="0.016"/>
</testsuite> <!-- inheritanceConcept.PS1 -->
